<?xml version="1.0" encoding="UTF-8"?>
<testsuite xmlns:xsi="http://www.w3.org/2001/XMLSchema-instance" xsi:noNamespaceSchemaLocation="https://maven.apache.org/surefire/maven-surefire-plugin/xsd/surefire-test-report-3.0.xsd" version="3.0" name="com.eazybytes.cards.CardsApplicationTests" time="37.071" tests="1" errors="0" skipped="0" failures="0">
  <properties>
[...]
</properties>
  <testcase name="contextLoads" classname="com.eazybytes.cards.CardsApplicationTests" time="0.973">
    <system-out><![CDATA[Standard Commons Logging discovery in action with spring-jcl: please remove commons-logging.jar from classpath in order to avoid potential conflicts
20:58:32.328 [main] INFO org.springframework.test.context.support.AnnotationConfigContextLoaderUtils -- Could not detect default configuration classes for test class [com.eazybytes.cards.CardsApplicationTests]: CardsApplicationTests does not declare any static, non-private, non-final, nested classes annotated with @Configuration.
20:58:32.724 [main] INFO org.springframework.boot.test.context.SpringBootTestContextBootstrapper -- Found @SpringBootConfiguration com.eazybytes.cards.CardsApplication for test class com.eazybytes.cards.CardsApplicationTests

  .   ____          _            __ _ _
 /\\ / ___'_ __ _ _(_)_ __  __ _ \ \ \ \
( ( )\___ | '_ | '_| | '_ \/ _` | \ \ \ \
 \\/  ___)| |_)| | | | | || (_| |  ) ) ) )
  '  |____| .__|_| |_|_| |_\__, | / / / /
 =========|_|==============|___/=/_/_/_/
 :: Spring Boot ::                (v3.2.0)

2024-02-22T20:58:38.209Z  INFO 2612 --- [cards] [           main] c.eazybytes.cards.CardsApplicationTests  : Starting CardsApplicationTests using Java 21.0.1 with PID 2612 (started by tiago.m.veri in C:\Users\tiago.m.veri\Documents\Microservice Udemy - Workspace\v2-spring-cloud-config\cards)
2024-02-22T20:58:38.211Z  INFO 2612 --- [cards] [           main] c.eazybytes.cards.CardsApplicationTests  : The following 1 profile is active: "prod"
2024-02-22T20:58:38.397Z  INFO 2612 --- [cards] [           main] o.s.c.c.c.ConfigServerConfigDataLoader   : Fetching config from server at : http://localhost:8071/
2024-02-22T20:58:38.397Z  INFO 2612 --- [cards] [           main] o.s.c.c.c.ConfigServerConfigDataLoader   : Located environment: name=cards, profiles=[default], label=null, version=a718ea09891c741b1d8545cecc3fde6c7b262a51, state=null
2024-02-22T20:58:38.398Z  INFO 2612 --- [cards] [           main] o.s.c.c.c.ConfigServerConfigDataLoader   : Fetching config from server at : http://localhost:8071/
2024-02-22T20:58:38.398Z  INFO 2612 --- [cards] [           main] o.s.c.c.c.ConfigServerConfigDataLoader   : Located environment: name=cards, profiles=[prod], label=null, version=a718ea09891c741b1d8545cecc3fde6c7b262a51, state=null
2024-02-22T20:58:43.459Z  INFO 2612 --- [cards] [           main] .s.d.r.c.RepositoryConfigurationDelegate : Bootstrapping Spring Data JPA repositories in DEFAULT mode.
2024-02-22T20:58:44.027Z  INFO 2612 --- [cards] [           main] .s.d.r.c.RepositoryConfigurationDelegate : Finished Spring Data repository scanning in 544 ms. Found 1 JPA repository interface.
2024-02-22T20:58:45.272Z  INFO 2612 --- [cards] [           main] faultConfiguringBeanFactoryPostProcessor : No bean named 'errorChannel' has been explicitly defined. Therefore, a default PublishSubscribeChannel will be created.
2024-02-22T20:58:45.326Z  INFO 2612 --- [cards] [           main] faultConfiguringBeanFactoryPostProcessor : No bean named 'integrationHeaderChannelRegistry' has been explicitly defined. Therefore, a default DefaultHeaderChannelRegistry will be created.
2024-02-22T20:58:45.934Z  INFO 2612 --- [cards] [           main] o.s.cloud.context.scope.GenericScope     : BeanFactory id=e8fb80d4-507b-3a78-9b22-1013dd0aa58a
2024-02-22T20:58:48.850Z  INFO 2612 --- [cards] [           main] com.zaxxer.hikari.HikariDataSource       : HikariPool-1 - Starting...
2024-02-22T20:58:49.312Z  INFO 2612 --- [cards] [           main] com.zaxxer.hikari.pool.HikariPool        : HikariPool-1 - Added connection conn0: url=jdbc:h2:mem:testdb user=SA
2024-02-22T20:58:49.318Z  INFO 2612 --- [cards] [           main] com.zaxxer.hikari.HikariDataSource       : HikariPool-1 - Start completed.
2024-02-22T20:58:49.826Z  INFO 2612 --- [cards] [           main] o.hibernate.jpa.internal.util.LogHelper  : HHH000204: Processing PersistenceUnitInfo [name: default]
2024-02-22T20:58:50.004Z  INFO 2612 --- [cards] [           main] org.hibernate.Version                    : HHH000412: Hibernate ORM core version 6.3.1.Final
2024-02-22T20:58:50.086Z  INFO 2612 --- [cards] [           main] o.h.c.internal.RegionFactoryInitiator    : HHH000026: Second-level cache disabled
2024-02-22T20:58:50.771Z  INFO 2612 --- [cards] [           main] o.s.o.j.p.SpringPersistenceUnitInfo      : No LoadTimeWeaver setup: ignoring JPA class transformer
2024-02-22T20:58:50.876Z  WARN 2612 --- [cards] [           main] org.hibernate.orm.deprecation            : HHH90000025: H2Dialect does not need to be specified explicitly using 'hibernate.dialect' (remove the property setting and it will be selected by default)
2024-02-22T20:58:52.855Z  INFO 2612 --- [cards] [           main] o.h.e.t.j.p.i.JtaPlatformInitiator       : HHH000489: No JTA platform available (set 'hibernate.transaction.jta.platform' to enable JTA platform integration)
Hibernate: alter table if exists cards alter column card_id set data type bigint
Hibernate: alter table if exists cards alter column created_at set data type timestamp(6)
Hibernate: alter table if exists cards alter column updated_at set data type timestamp(6)
2024-02-22T20:58:53.006Z  INFO 2612 --- [cards] [           main] j.LocalContainerEntityManagerFactoryBean : Initialized JPA EntityManagerFactory for persistence unit 'default'
2024-02-22T20:58:58.510Z  WARN 2612 --- [cards] [           main] JpaBaseConfiguration$JpaWebConfiguration : spring.jpa.open-in-view is enabled by default. Therefore, database queries may be performed during view rendering. Explicitly configure spring.jpa.open-in-view to disable this warning
2024-02-22T20:59:04.556Z  INFO 2612 --- [cards] [           main] o.s.c.s.m.DirectWithAttributesChannel    : Channel 'cards.springCloudBusInput' has 1 subscriber(s).
2024-02-22T20:59:05.387Z  INFO 2612 --- [cards] [           main] o.s.b.a.h2.H2ConsoleAutoConfiguration    : H2 console available at '/h2-console'. Database available at 'jdbc:h2:mem:testdb'
2024-02-22T20:59:05.750Z  INFO 2612 --- [cards] [           main] o.s.b.a.e.web.EndpointLinksResolver      : Exposing 21 endpoint(s) beneath base path '/actuator'
2024-02-22T20:59:06.415Z  INFO 2612 --- [cards] [           main] o.s.i.endpoint.EventDrivenConsumer       : Adding {logging-channel-adapter:_org.springframework.integration.errorLogger} as a subscriber to the 'errorChannel' channel
2024-02-22T20:59:06.415Z  INFO 2612 --- [cards] [           main] o.s.i.channel.PublishSubscribeChannel    : Channel 'cards.errorChannel' has 1 subscriber(s).
2024-02-22T20:59:06.416Z  INFO 2612 --- [cards] [           main] o.s.i.endpoint.EventDrivenConsumer       : started bean '_org.springframework.integration.errorLogger'
2024-02-22T20:59:06.419Z  INFO 2612 --- [cards] [           main] o.s.c.s.binder.DefaultBinderFactory      : Creating binder: rabbit
2024-02-22T20:59:06.419Z  INFO 2612 --- [cards] [           main] o.s.c.s.binder.DefaultBinderFactory      : Constructing binder child context for rabbit
2024-02-22T20:59:06.871Z  INFO 2612 --- [cards] [           main] o.s.c.s.binder.DefaultBinderFactory      : Caching the binder: rabbit
2024-02-22T20:59:07.131Z  INFO 2612 --- [cards] [           main] c.s.b.r.p.RabbitExchangeQueueProvisioner : declaring queue for inbound: springCloudBus.anonymous.-hf0BDm8Tw6x_sSY8BaZtA, bound to: springCloudBus
2024-02-22T20:59:07.151Z  INFO 2612 --- [cards] [           main] o.s.a.r.c.CachingConnectionFactory       : Attempting to connect to: [localhost:5672]
2024-02-22T20:59:07.185Z  INFO 2612 --- [cards] [           main] o.s.a.r.c.CachingConnectionFactory       : Attempting to connect to: [localhost:5672]
2024-02-22T20:59:07.200Z  INFO 2612 --- [cards] [           main] o.s.a.r.c.CachingConnectionFactory       : Attempting to connect to: [localhost:5672]
2024-02-22T20:59:07.266Z  INFO 2612 --- [cards] [           main] o.s.c.stream.binder.BinderErrorChannel   : Channel 'rabbit-1167527656.springCloudBusInput.errors' has 1 subscriber(s).
2024-02-22T20:59:07.267Z  INFO 2612 --- [cards] [           main] o.s.c.stream.binder.BinderErrorChannel   : Channel 'rabbit-1167527656.springCloudBusInput.errors' has 2 subscriber(s).
2024-02-22T20:59:07.280Z  INFO 2612 --- [cards] [           main] o.s.a.r.c.CachingConnectionFactory       : Attempting to connect to: [localhost:5672]
2024-02-22T20:59:07.282Z  INFO 2612 --- [cards] [           main] o.s.a.r.l.SimpleMessageListenerContainer : Broker not available; cannot force queue declarations during start: java.net.ConnectException: Connection refused: no further information
2024-02-22T20:59:07.303Z  INFO 2612 --- [cards] [w6x_sSY8BaZtA-1] o.s.a.r.c.CachingConnectionFactory       : Attempting to connect to: [localhost:5672]
2024-02-22T20:59:07.309Z  INFO 2612 --- [cards] [           main] o.s.i.a.i.AmqpInboundChannelAdapter      : started bean 'inbound.springCloudBus.anonymous.-hf0BDm8Tw6x_sSY8BaZtA'
2024-02-22T20:59:07.470Z  INFO 2612 --- [cards] [           main] c.eazybytes.cards.CardsApplicationTests  : Started CardsApplicationTests in 34.217 seconds (process running for 37.291)
]]></system-out>
    <system-err><![CDATA[WARNING: A Java agent has been loaded dynamically (C:\Users\tiago.m.veri\.m2\repository\net\bytebuddy\byte-buddy-agent\1.14.10\byte-buddy-agent-1.14.10.jar)
WARNING: If a serviceability tool is in use, please run with -XX:+EnableDynamicAgentLoading to hide this warning
WARNING: If a serviceability tool is not in use, please run with -Djdk.instrument.traceUsage for more information
WARNING: Dynamic loading of agents will be disallowed by default in a future release
]]></system-err>
  </testcase>
</testsuite>